
[0;34mStarting bug bounty automation suite...[0m
Timestamp: Fri Apr 24 02:19:24 UTC 2026
Results directory: /home/ubuntu/.openclaw/workspace/bugbounty/scripts/../results
Master log: /home/ubuntu/.openclaw/workspace/bugbounty/scripts/../results/orchestrator_20260424_021924.log

========================================
ENVIRONMENT CHECK
========================================
[0;32m✓[0m curl found
[0;32m✓[0m python3 found
[0;32m✓[0m bash found

[0;34mChecking for API keys...[0m
[1;33m⚠[0m CIRCLE_API_KEY not set (Circle tests will be skipped)
[1;33m⚠[0m Circle API key pair not set (IDOR tests will be skipped)

========================================
SELECT TEST SUITE
========================================

========================================
PREVIOUS RESULTS
========================================
Recent test results:
